<?xml version="1.0" encoding="UTF-8"?>
<coverage generated="1776314118249" clover="3.2.0">
  <project timestamp="1776314118249" name="All files">
    <metrics statements="23" coveredstatements="20" conditionals="15" coveredconditionals="12" methods="7" coveredmethods="7" elements="45" coveredelements="39" complexity="0" loc="23" ncloc="23" packages="1" files="2" classes="2"/>
    <file name="math.js" path="/Users/thrishul/Desktop/jest-starter-repo/src/utils/math.js">
      <metrics statements="7" coveredstatements="7" conditionals="2" coveredconditionals="2" methods="4" coveredmethods="4"/>
      <line num="2" count="1" type="stmt"/>
      <line num="6" count="2" type="stmt"/>
      <line num="10" count="1" type="stmt"/>
      <line num="14" count="3" type="cond" truecount="2" falsecount="0"/>
      <line num="15" count="1" type="stmt"/>
      <line num="18" count="2" type="stmt"/>
      <line num="21" count="1" type="stmt"/>
    </file>
    <file name="validators.js" path="/Users/thrishul/Desktop/jest-starter-repo/src/utils/validators.js">
      <metrics statements="16" coveredstatements="13" conditionals="13" coveredconditionals="10" methods="3" coveredmethods="3"/>
      <line num="2" count="3" type="cond" truecount="1" falsecount="1"/>
      <line num="3" count="0" type="stmt"/>
      <line num="6" count="3" type="stmt"/>
      <line num="8" count="3" type="cond" truecount="1" falsecount="1"/>
      <line num="9" count="3" type="stmt"/>
      <line num="12" count="0" type="stmt"/>
      <line num="16" count="6" type="cond" truecount="1" falsecount="1"/>
      <line num="17" count="0" type="stmt"/>
      <line num="20" count="6" type="cond" truecount="2" falsecount="0"/>
      <line num="21" count="1" type="stmt"/>
      <line num="24" count="5" type="stmt"/>
      <line num="25" count="5" type="stmt"/>
      <line num="26" count="5" type="stmt"/>
      <line num="28" count="5" type="cond" truecount="3" falsecount="0"/>
      <line num="32" count="4" type="cond" truecount="2" falsecount="0"/>
      <line num="35" count="1" type="stmt"/>
    </file>
  </project>
</coverage>
