{"/Users/thrishul/Desktop/jest-starter-repo/src/utils/math.js": {"path":"/Users/thrishul/Desktop/jest-starter-repo/src/utils/math.js","statementMap":{"0":{"start":{"line":2,"column":2},"end":{"line":2,"column":15}},"1":{"start":{"line":6,"column":2},"end":{"line":6,"column":15}},"2":{"start":{"line":10,"column":2},"end":{"line":10,"column":15}},"3":{"start":{"line":14,"column":2},"end":{"line":16,"column":3}},"4":{"start":{"line":15,"column":4},"end":{"line":15,"column":55}},"5":{"start":{"line":18,"column":2},"end":{"line":18,"column":15}},"6":{"start":{"line":21,"column":0},"end":{"line":26,"column":2}}},"fnMap":{"0":{"name":"sum","decl":{"start":{"line":1,"column":9},"end":{"line":1,"column":12}},"loc":{"start":{"line":1,"column":19},"end":{"line":3,"column":1}},"line":1},"1":{"name":"subtract","decl":{"start":{"line":5,"column":9},"end":{"line":5,"column":17}},"loc":{"start":{"line":5,"column":24},"end":{"line":7,"column":1}},"line":5},"2":{"name":"multiply","decl":{"start":{"line":9,"column":9},"end":{"line":9,"column":17}},"loc":{"start":{"line":9,"column":24},"end":{"line":11,"column":1}},"line":9},"3":{"name":"divide","decl":{"start":{"line":13,"column":9},"end":{"line":13,"column":15}},"loc":{"start":{"line":13,"column":22},"end":{"line":19,"column":1}},"line":13}},"branchMap":{"0":{"loc":{"start":{"line":14,"column":2},"end":{"line":16,"column":3}},"type":"if","locations":[{"start":{"line":14,"column":2},"end":{"line":16,"column":3}},{"start":{},"end":{}}],"line":14}},"s":{"0":1,"1":2,"2":1,"3":3,"4":1,"5":2,"6":1},"f":{"0":1,"1":2,"2":1,"3":3},"b":{"0":[1,2]},"_coverageSchema":"1a1c01bbd47fc00a2c39e90264f33305004495a9","hash":"f85fa060f4aadaea3078ab8c34893716658df181"}
,"/Users/thrishul/Desktop/jest-starter-repo/src/utils/validators.js": {"path":"/Users/thrishul/Desktop/jest-starter-repo/src/utils/validators.js","statementMap":{"0":{"start":{"line":2,"column":2},"end":{"line":4,"column":3}},"1":{"start":{"line":3,"column":4},"end":{"line":3,"column":17}},"2":{"start":{"line":6,"column":23},"end":{"line":6,"column":35}},"3":{"start":{"line":8,"column":2},"end":{"line":10,"column":3}},"4":{"start":{"line":9,"column":4},"end":{"line":9,"column":17}},"5":{"start":{"line":12,"column":2},"end":{"line":12,"column":57}},"6":{"start":{"line":16,"column":2},"end":{"line":18,"column":3}},"7":{"start":{"line":17,"column":4},"end":{"line":17,"column":17}},"8":{"start":{"line":20,"column":2},"end":{"line":22,"column":3}},"9":{"start":{"line":21,"column":4},"end":{"line":21,"column":17}},"10":{"start":{"line":24,"column":23},"end":{"line":24,"column":45}},"11":{"start":{"line":25,"column":23},"end":{"line":25,"column":45}},"12":{"start":{"line":26,"column":19},"end":{"line":26,"column":41}},"13":{"start":{"line":28,"column":2},"end":{"line":28,"column":50}},"14":{"start":{"line":32,"column":2},"end":{"line":32,"column":62}},"15":{"start":{"line":35,"column":0},"end":{"line":39,"column":2}}},"fnMap":{"0":{"name":"isValidEmail","decl":{"start":{"line":1,"column":9},"end":{"line":1,"column":21}},"loc":{"start":{"line":1,"column":29},"end":{"line":13,"column":1}},"line":1},"1":{"name":"isStrongPassword","decl":{"start":{"line":15,"column":9},"end":{"line":15,"column":25}},"loc":{"start":{"line":15,"column":36},"end":{"line":29,"column":1}},"line":15},"2":{"name":"isNonEmptyString","decl":{"start":{"line":31,"column":9},"end":{"line":31,"column":25}},"loc":{"start":{"line":31,"column":33},"end":{"line":33,"column":1}},"line":31}},"branchMap":{"0":{"loc":{"start":{"line":2,"column":2},"end":{"line":4,"column":3}},"type":"if","locations":[{"start":{"line":2,"column":2},"end":{"line":4,"column":3}},{"start":{},"end":{}}],"line":2},"1":{"loc":{"start":{"line":8,"column":2},"end":{"line":10,"column":3}},"type":"if","locations":[{"start":{"line":8,"column":2},"end":{"line":10,"column":3}},{"start":{},"end":{}}],"line":8},"2":{"loc":{"start":{"line":16,"column":2},"end":{"line":18,"column":3}},"type":"if","locations":[{"start":{"line":16,"column":2},"end":{"line":18,"column":3}},{"start":{},"end":{}}],"line":16},"3":{"loc":{"start":{"line":20,"column":2},"end":{"line":22,"column":3}},"type":"if","locations":[{"start":{"line":20,"column":2},"end":{"line":22,"column":3}},{"start":{},"end":{}}],"line":20},"4":{"loc":{"start":{"line":28,"column":9},"end":{"line":28,"column":49}},"type":"binary-expr","locations":[{"start":{"line":28,"column":9},"end":{"line":28,"column":21}},{"start":{"line":28,"column":25},"end":{"line":28,"column":37}},{"start":{"line":28,"column":41},"end":{"line":28,"column":49}}],"line":28},"5":{"loc":{"start":{"line":32,"column":9},"end":{"line":32,"column":61}},"type":"binary-expr","locations":[{"start":{"line":32,"column":9},"end":{"line":32,"column":34}},{"start":{"line":32,"column":38},"end":{"line":32,"column":61}}],"line":32}},"s":{"0":3,"1":0,"2":3,"3":3,"4":3,"5":0,"6":6,"7":0,"8":6,"9":1,"10":5,"11":5,"12":5,"13":5,"14":4,"15":1},"f":{"0":3,"1":6,"2":4},"b":{"0":[0,3],"1":[3,0],"2":[0,6],"3":[1,5],"4":[5,3,2],"5":[4,4]},"_coverageSchema":"1a1c01bbd47fc00a2c39e90264f33305004495a9","hash":"6d8bedf6ee2b99a955623a47e84bad63355b2fe1"}
}
