TN:
SF:src/utils/math.js
FN:1,sum
FN:5,subtract
FN:9,multiply
FN:13,divide
FNF:4
FNH:4
FNDA:1,sum
FNDA:2,subtract
FNDA:1,multiply
FNDA:3,divide
DA:2,1
DA:6,2
DA:10,1
DA:14,3
DA:15,1
DA:18,2
DA:21,1
LF:7
LH:7
BRDA:14,0,0,1
BRDA:14,0,1,2
BRF:2
BRH:2
end_of_record
TN:
SF:src/utils/validators.js
FN:1,isValidEmail
FN:15,isStrongPassword
FN:31,isNonEmptyString
FNF:3
FNH:3
FNDA:3,isValidEmail
FNDA:6,isStrongPassword
FNDA:4,isNonEmptyString
DA:2,3
DA:3,0
DA:6,3
DA:8,3
DA:9,3
DA:12,0
DA:16,6
DA:17,0
DA:20,6
DA:21,1
DA:24,5
DA:25,5
DA:26,5
DA:28,5
DA:32,4
DA:35,1
LF:16
LH:13
BRDA:2,0,0,0
BRDA:2,0,1,3
BRDA:8,1,0,3
BRDA:8,1,1,0
BRDA:16,2,0,0
BRDA:16,2,1,6
BRDA:20,3,0,1
BRDA:20,3,1,5
BRDA:28,4,0,5
BRDA:28,4,1,3
BRDA:28,4,2,2
BRDA:32,5,0,4
BRDA:32,5,1,4
BRF:13
BRH:10
end_of_record
